<?xml version="1.0" encoding="UTF-8"?>
<!-- Generated by org.testng.reporters.JUnitXMLReporter -->
<testsuite hostname="EPMXGUAW0022" name="Default test" tests="7" failures="0" timestamp="29 Feb 2016 20:35:43 GMT" time="1.562" errors="0">
  <testcase name="verifyAvailabelLanguages" time="0.59" classname="mx.com.epam.testing.training.client.CurrentWeatherLuisClientTest"/>
  <testcase name="verifyAvailabelLanguages" time="0.133" classname="mx.com.epam.testing.training.client.CurrentWeatherLuisClientTest"/>
  <testcase name="verifyAvailabelLanguages" time="0.156" classname="mx.com.epam.testing.training.client.CurrentWeatherLuisClientTest"/>
  <testcase name="verifyAvailabelTempUnit" time="0.13" classname="mx.com.epam.testing.training.client.CurrentWeatherLuisClientTest"/>
  <testcase name="verifyAvailabelTempUnit" time="0.122" classname="mx.com.epam.testing.training.client.CurrentWeatherLuisClientTest"/>
  <testcase name="verifyResponseWhenCityAndCountryCodeAreValid" time="0.26" classname="mx.com.epam.testing.training.client.CurrentWeatherLuisClientTest"/>
  <testcase name="verifyResponseWhenCityIsValid" time="0.139" classname="mx.com.epam.testing.training.client.CurrentWeatherLuisClientTest"/>
</testsuite> <!-- Default test -->
