<?xml version="1.0" encoding="UTF-8"?>
<testng-results skipped="0" failed="0" total="1" passed="1">
  <reporter-output>
  </reporter-output>
  <suite name="Default suite" duration-ms="386" started-at="2016-02-26T19:09:10Z" finished-at="2016-02-26T19:09:10Z">
    <groups>
    </groups>
    <test name="Default test" duration-ms="386" started-at="2016-02-26T19:09:10Z" finished-at="2016-02-26T19:09:10Z">
      <class name="mx.com.epam.testing.training.tests.SearchByIDTest">
        <test-method status="PASS" signature="searchByCityIDTest()[pri:0, instance:mx.com.epam.testing.training.tests.SearchByIDTest@33a10788]" name="searchByCityIDTest" duration-ms="358" started-at="2016-02-26T13:09:10Z" finished-at="2016-02-26T13:09:10Z">
          <reporter-output>
          </reporter-output>
        </test-method> <!-- searchByCityIDTest -->
      </class> <!-- mx.com.epam.testing.training.tests.SearchByIDTest -->
    </test> <!-- Default test -->
  </suite> <!-- Default suite -->
</testng-results>
