<?xml version="1.0" encoding="UTF-8"?>
<testng-results skipped="0" failed="0" total="1" passed="1">
  <reporter-output>
  </reporter-output>
  <suite name="Default suite" duration-ms="354" started-at="2016-02-29T18:21:59Z" finished-at="2016-02-29T18:21:59Z">
    <groups>
    </groups>
    <test name="Default test" duration-ms="354" started-at="2016-02-29T18:21:59Z" finished-at="2016-02-29T18:21:59Z">
      <class name="mx.com.epam.testing.training.tests.SearchByIDTest">
        <test-method status="PASS" signature="initTests()[pri:0, instance:mx.com.epam.testing.training.tests.SearchByIDTest@34340fab]" name="initTests" is-config="true" duration-ms="11" started-at="2016-02-29T12:21:59Z" finished-at="2016-02-29T12:21:59Z">
          <reporter-output>
          </reporter-output>
        </test-method> <!-- initTests -->
        <test-method status="PASS" signature="searchByCityIdNotNullTest()[pri:0, instance:mx.com.epam.testing.training.tests.SearchByIDTest@34340fab]" name="searchByCityIdNotNullTest" duration-ms="328" started-at="2016-02-29T12:21:59Z" finished-at="2016-02-29T12:21:59Z">
          <reporter-output>
          </reporter-output>
        </test-method> <!-- searchByCityIdNotNullTest -->
      </class> <!-- mx.com.epam.testing.training.tests.SearchByIDTest -->
    </test> <!-- Default test -->
  </suite> <!-- Default suite -->
</testng-results>
